<?xml version="1.0" encoding="UTF-8"?>
<testsuite xmlns:xsi="http://www.w3.org/2001/XMLSchema-instance" xsi:noNamespaceSchemaLocation="https://maven.apache.org/surefire/maven-surefire-plugin/xsd/surefire-test-report.xsd" name="com.whoana.util.KoreanCalculatorTest" time="0.151" tests="4" errors="0" skipped="0" failures="0">
  <properties>
[...]
</properties>
  <testcase name="testToNumber" classname="com.whoana.util.KoreanCalculatorTest" time="0.002"/>
  <testcase name="testToKorNumber" classname="com.whoana.util.KoreanCalculatorTest" time="0"/>
  <testcase name="testCalculate" classname="com.whoana.util.KoreanCalculatorTest" time="0"/>
  <testcase name="testToNumbers" classname="com.whoana.util.KoreanCalculatorTest" time="0.019"/>
</testsuite>